Business_card/Library/Bee/Android/Prj/IL2CPP/Gradle/launcher/build/intermediates/manifest_merge_blame_file/release/manifest-merger-blame-release-report.txt
1<?xml version="1.0" encoding="utf-8"?>
2<manifest xmlns:android="http://schemas.android.com/apk/res/android"
3    package="com.Business_card.bu"
4    android:installLocation="preferExternal"
5    android:versionCode="1"
6    android:versionName="0.1" >
7
8    <uses-sdk
9        android:minSdkVersion="29"
9-->src\main\AndroidManifest.xml
10        android:targetSdkVersion="30" />
10-->src\main\AndroidManifest.xml
11
12    <supports-screens
12-->src\main\AndroidManifest.xml:3:3-163
13        android:anyDensity="true"
13-->src\main\AndroidManifest.xml:3:135-160
14        android:largeScreens="true"
14-->src\main\AndroidManifest.xml:3:78-105
15        android:normalScreens="true"
15-->src\main\AndroidManifest.xml:3:49-77
16        android:smallScreens="true"
16-->src\main\AndroidManifest.xml:3:21-48
17        android:xlargeScreens="true" />
17-->src\main\AndroidManifest.xml:3:106-134
18
19    <uses-feature android:glEsVersion="0x00030000" />
19-->[:unityLibrary] AndroidManifest.xml:12:5-54
19-->[:unityLibrary] AndroidManifest.xml:12:19-51
20
21    <uses-permission android:name="android.permission.INTERNET" />
21-->[:unityLibrary] AndroidManifest.xml:14:5-67
21-->[:unityLibrary] AndroidManifest.xml:14:22-64
22    <uses-permission android:name="android.permission.ACCESS_NETWORK_STATE" />
22-->[:unityLibrary] AndroidManifest.xml:15:5-79
22-->[:unityLibrary] AndroidManifest.xml:15:22-76
23    <uses-permission android:name="android.permission.CAMERA" />
23-->[:unityLibrary] AndroidManifest.xml:16:5-65
23-->[:unityLibrary] AndroidManifest.xml:16:22-62
24
25    <uses-feature
25-->[:unityLibrary] AndroidManifest.xml:18:5-20:36
26        android:name="android.hardware.camera"
26-->[:unityLibrary] AndroidManifest.xml:19:9-47
27        android:required="true" />
27-->[:unityLibrary] AndroidManifest.xml:20:9-33
28    <uses-feature
28-->[:unityLibrary] AndroidManifest.xml:21:5-23:36
29        android:name="android.hardware.camera.autofocus"
29-->[:unityLibrary] AndroidManifest.xml:22:9-57
30        android:required="false" />
30-->[:unityLibrary] AndroidManifest.xml:23:9-33
31    <uses-feature
31-->[:unityLibrary] AndroidManifest.xml:24:5-26:36
32        android:name="android.hardware.camera.front"
32-->[:unityLibrary] AndroidManifest.xml:25:9-53
33        android:required="false" />
33-->[:unityLibrary] AndroidManifest.xml:26:9-33
34
35    <uses-permission android:name="android.permission.RECORD_AUDIO" />
35-->[:unityLibrary] AndroidManifest.xml:28:5-71
35-->[:unityLibrary] AndroidManifest.xml:28:22-68
36    <uses-permission android:name="android.permission.MODIFY_AUDIO_SETTINGS" />
36-->[:unityLibrary] AndroidManifest.xml:29:5-80
36-->[:unityLibrary] AndroidManifest.xml:29:22-77
37    <uses-permission android:name="android.permission.BLUETOOTH" />
37-->[:unityLibrary] AndroidManifest.xml:30:5-68
37-->[:unityLibrary] AndroidManifest.xml:30:22-65
38
39    <uses-feature
39-->[:unityLibrary] AndroidManifest.xml:32:5-34:36
40        android:name="android.hardware.microphone"
40-->[:unityLibrary] AndroidManifest.xml:33:9-51
41        android:required="false" />
41-->[:unityLibrary] AndroidManifest.xml:34:9-33
42    <uses-feature
42-->[:unityLibrary] AndroidManifest.xml:35:5-37:36
43        android:name="android.hardware.touchscreen"
43-->[:unityLibrary] AndroidManifest.xml:36:9-52
44        android:required="false" />
44-->[:unityLibrary] AndroidManifest.xml:37:9-33
45    <uses-feature
45-->[:unityLibrary] AndroidManifest.xml:38:5-40:36
46        android:name="android.hardware.touchscreen.multitouch"
46-->[:unityLibrary] AndroidManifest.xml:39:9-63
47        android:required="false" />
47-->[:unityLibrary] AndroidManifest.xml:40:9-33
48    <uses-feature
48-->[:unityLibrary] AndroidManifest.xml:41:5-43:36
49        android:name="android.hardware.touchscreen.multitouch.distinct"
49-->[:unityLibrary] AndroidManifest.xml:42:9-72
50        android:required="false" />
50-->[:unityLibrary] AndroidManifest.xml:43:9-33
51
52    <uses-permission android:name="android.permission.MICROPHONE" />
52-->[:unityLibrary] AndroidManifest.xml:45:5-69
52-->[:unityLibrary] AndroidManifest.xml:45:22-66
53    <uses-permission android:name="android.permission.READ_EXTERNAL_STORAGE" />
53-->[:unityLibrary] AndroidManifest.xml:46:5-80
53-->[:unityLibrary] AndroidManifest.xml:46:22-77
54    <uses-permission android:name="android.permission.Write_EXTERNAL_STORAGE" />
54-->[:unityLibrary] AndroidManifest.xml:47:5-81
54-->[:unityLibrary] AndroidManifest.xml:47:22-78
55
56    <uses-feature
56-->[:unityLibrary] AndroidManifest.xml:49:5-51:35
57        android:name="android.hardware.camera.ar"
57-->[:unityLibrary] AndroidManifest.xml:50:9-50
58        android:required="true" />
58-->[:unityLibrary] AndroidManifest.xml:51:9-32
59    <uses-feature
59-->[:unityLibrary] AndroidManifest.xml:52:5-54:35
60        android:name="com.google.ar.core.depth"
60-->[:unityLibrary] AndroidManifest.xml:53:9-48
61        android:required="true" />
61-->[:unityLibrary] AndroidManifest.xml:54:9-32
62
63    <queries>
63-->[:arcore_client:] AndroidManifest.xml:29:5-31:15
64        <package android:name="com.google.ar.core" />
64-->[:arcore_client:] AndroidManifest.xml:30:9-54
64-->[:arcore_client:] AndroidManifest.xml:30:18-51
65    </queries>
66    <!--
67        Required by Vuforia: Add this permission to access IMU sensors at high rate
68        for device tracker functionality on Android 12+.
69    -->
70    <uses-permission android:name="android.permission.HIGH_SAMPLING_RATE_SENSORS" />
70-->[:VuforiaEngine:] AndroidManifest.xml:16:5-85
70-->[:VuforiaEngine:] AndroidManifest.xml:16:22-82
71
72    <application
72-->src\main\AndroidManifest.xml:4:3-83
73        android:allowBackup="false"
73-->[:unityLibrary] AndroidManifest.xml:57:9-36
74        android:extractNativeLibs="true"
74-->[:unityLibrary] AndroidManifest.xml:58:9-41
75        android:icon="@mipmap/app_icon"
75-->src\main\AndroidManifest.xml:4:49-80
76        android:label="@string/app_name" >
76-->src\main\AndroidManifest.xml:4:16-48
77        <activity
77-->[:unityLibrary] AndroidManifest.xml:60:9-81:20
78            android:name="com.unity3d.player.UnityPlayerActivity"
78-->[:unityLibrary] AndroidManifest.xml:61:13-66
79            android:configChanges="mcc|mnc|locale|touchscreen|keyboard|keyboardHidden|navigation|orientation|screenLayout|uiMode|screenSize|smallestScreenSize|fontScale|layoutDirection|density"
79-->[:unityLibrary] AndroidManifest.xml:62:13-194
80            android:hardwareAccelerated="True"
80-->[:unityLibrary] AndroidManifest.xml:63:13-47
81            android:launchMode="singleTask"
81-->[:unityLibrary] AndroidManifest.xml:64:13-44
82            android:resizeableActivity="false"
82-->[:unityLibrary] AndroidManifest.xml:65:13-47
83            android:screenOrientation="fullUser"
83-->[:unityLibrary] AndroidManifest.xml:66:13-49
84            android:theme="@style/UnityThemeSelector"
84-->[:unityLibrary] AndroidManifest.xml:67:13-54
85            android:usesCleartextTraffic="True" >
85-->[:unityLibrary] AndroidManifest.xml:68:13-48
86            <intent-filter>
86-->[:unityLibrary] AndroidManifest.xml:69:13-73:29
87                <action android:name="android.intent.action.MAIN" />
87-->[:unityLibrary] AndroidManifest.xml:70:17-69
87-->[:unityLibrary] AndroidManifest.xml:70:25-66
88
89                <category android:name="android.intent.category.LAUNCHER" />
89-->[:unityLibrary] AndroidManifest.xml:72:17-77
89-->[:unityLibrary] AndroidManifest.xml:72:27-74
90            </intent-filter>
91
92            <meta-data
92-->[:unityLibrary] AndroidManifest.xml:75:13-77:40
93                android:name="unityplayer.UnityActivity"
93-->[:unityLibrary] AndroidManifest.xml:76:17-57
94                android:value="true" />
94-->[:unityLibrary] AndroidManifest.xml:77:17-37
95            <meta-data
95-->[:unityLibrary] AndroidManifest.xml:78:13-80:40
96                android:name="android.notch_support"
96-->[:unityLibrary] AndroidManifest.xml:79:17-53
97                android:value="true" />
97-->[:unityLibrary] AndroidManifest.xml:80:17-37
98        </activity>
99
100        <meta-data
100-->[:unityLibrary] AndroidManifest.xml:83:9-85:33
101            android:name="unity.splash-mode"
101-->[:unityLibrary] AndroidManifest.xml:84:13-45
102            android:value="0" />
102-->[:unityLibrary] AndroidManifest.xml:85:13-30
103        <meta-data
103-->[:unityLibrary] AndroidManifest.xml:86:9-88:36
104            android:name="unity.splash-enable"
104-->[:unityLibrary] AndroidManifest.xml:87:13-47
105            android:value="True" />
105-->[:unityLibrary] AndroidManifest.xml:88:13-33
106        <meta-data
106-->[:unityLibrary] AndroidManifest.xml:89:9-91:36
107            android:name="unity.launch-fullscreen"
107-->[:unityLibrary] AndroidManifest.xml:90:13-51
108            android:value="True" />
108-->[:unityLibrary] AndroidManifest.xml:91:13-33
109        <meta-data
109-->[:unityLibrary] AndroidManifest.xml:92:9-94:37
110            android:name="unity.allow-resizable-window"
110-->[:unityLibrary] AndroidManifest.xml:93:13-56
111            android:value="False" />
111-->[:unityLibrary] AndroidManifest.xml:94:13-34
112        <meta-data
112-->[:unityLibrary] AndroidManifest.xml:95:9-97:50
113            android:name="notch.config"
113-->[:unityLibrary] AndroidManifest.xml:96:13-40
114            android:value="portrait|landscape" />
114-->[:unityLibrary] AndroidManifest.xml:97:13-47
115        <meta-data
115-->[:unityLibrary] AndroidManifest.xml:98:9-100:40
116            android:name="com.google.ar.core"
116-->[:unityLibrary] AndroidManifest.xml:99:13-46
117            android:value="required" />
117-->[:unityLibrary] AndroidManifest.xml:100:13-37
118        <meta-data
118-->[:unityLibrary] AndroidManifest.xml:101:9-103:36
119            android:name="unityplayer.SkipPermissionsDialog"
119-->[:unityLibrary] AndroidManifest.xml:102:13-61
120            android:value="true" /> <!-- The minimal version code of ARCore APK required for an app using this SDK. -->
120-->[:unityLibrary] AndroidManifest.xml:103:13-33
121        <meta-data
121-->[:arcore_client:] AndroidManifest.xml:36:9-38:41
122            android:name="com.google.ar.core.min_apk_version"
122-->[:arcore_client:] AndroidManifest.xml:37:13-62
123            android:value="210910000" /> <!-- This activity is critical for installing ARCore when it is not already present. -->
123-->[:arcore_client:] AndroidManifest.xml:38:13-38
124        <activity
124-->[:arcore_client:] AndroidManifest.xml:40:9-46:80
125            android:name="com.google.ar.core.InstallActivity"
125-->[:arcore_client:] AndroidManifest.xml:41:13-62
126            android:configChanges="keyboardHidden|orientation|screenSize"
126-->[:arcore_client:] AndroidManifest.xml:42:13-74
127            android:excludeFromRecents="true"
127-->[:arcore_client:] AndroidManifest.xml:43:13-46
128            android:exported="false"
128-->[:arcore_client:] AndroidManifest.xml:44:13-37
129            android:launchMode="singleTop"
129-->[:arcore_client:] AndroidManifest.xml:45:13-43
130            android:theme="@android:style/Theme.Material.Light.Dialog.Alert" />
130-->[:arcore_client:] AndroidManifest.xml:46:13-77
131
132        <provider
132-->[:VuforiaEngine:] AndroidManifest.xml:25:9-33:20
133            android:name="com.vuforia.engine.app.VuforiaContentProvider"
133-->[:VuforiaEngine:] AndroidManifest.xml:26:13-73
134            android:authorities="com.Business_card.bu.vuforia.share"
134-->[:VuforiaEngine:] AndroidManifest.xml:27:13-65
135            android:exported="false"
135-->[:VuforiaEngine:] AndroidManifest.xml:28:13-37
136            android:grantUriPermissions="true" >
136-->[:VuforiaEngine:] AndroidManifest.xml:29:13-47
137            <meta-data
137-->[:VuforiaEngine:] AndroidManifest.xml:30:13-32:53
138                android:name="android.support.FILE_PROVIDER_PATHS"
138-->[:VuforiaEngine:] AndroidManifest.xml:31:17-67
139                android:resource="@xml/filepaths" />
139-->[:VuforiaEngine:] AndroidManifest.xml:32:17-50
140        </provider>
141    </application>
142
143</manifest>